2018-06-17T04:09:22.958Z [Uber Application logs] error: uncaughtException: logger is not defined
ReferenceError: logger is not defined
    at Object.<anonymous> (/Users/RAGHAV/Desktop/UBER/Uber-replica/DispatcherService/db/mongoose.js:6:1)
    at Module._compile (internal/modules/cjs/loader.js:678:30)
    at Object.Module._extensions..js (internal/modules/cjs/loader.js:689:10)
    at Module.load (internal/modules/cjs/loader.js:589:32)
    at tryModuleLoad (internal/modules/cjs/loader.js:528:12)
    at Function.Module._load (internal/modules/cjs/loader.js:520:3)
    at Module.require (internal/modules/cjs/loader.js:626:17)
    at require (internal/modules/cjs/helpers.js:20:18)
    at Object.<anonymous> (/Users/RAGHAV/Desktop/UBER/Uber-replica/DispatcherService/controllers/userController.js:1:82)
    at Module._compile (internal/modules/cjs/loader.js:678:30)
    at Object.Module._extensions..js (internal/modules/cjs/loader.js:689:10)
    at Module.load (internal/modules/cjs/loader.js:589:32)
    at tryModuleLoad (internal/modules/cjs/loader.js:528:12)
    at Function.Module._load (internal/modules/cjs/loader.js:520:3)
    at Module.require (internal/modules/cjs/loader.js:626:17)
    at require (internal/modules/cjs/helpers.js:20:18)
2018-06-17T04:10:22.304Z [Uber Application logs] error: uncaughtException: Cannot find module './logger/logger'
Error: Cannot find module './logger/logger'
    at Function.Module._resolveFilename (internal/modules/cjs/loader.js:571:15)
    at Function.Module._load (internal/modules/cjs/loader.js:497:25)
    at Module.require (internal/modules/cjs/loader.js:626:17)
    at require (internal/modules/cjs/helpers.js:20:18)
    at Object.<anonymous> (/Users/RAGHAV/Desktop/UBER/Uber-replica/DispatcherService/db/mongoose.js:3:16)
    at Module._compile (internal/modules/cjs/loader.js:678:30)
    at Object.Module._extensions..js (internal/modules/cjs/loader.js:689:10)
    at Module.load (internal/modules/cjs/loader.js:589:32)
    at tryModuleLoad (internal/modules/cjs/loader.js:528:12)
    at Function.Module._load (internal/modules/cjs/loader.js:520:3)
    at Module.require (internal/modules/cjs/loader.js:626:17)
    at require (internal/modules/cjs/helpers.js:20:18)
    at Object.<anonymous> (/Users/RAGHAV/Desktop/UBER/Uber-replica/DispatcherService/controllers/userController.js:1:82)
    at Module._compile (internal/modules/cjs/loader.js:678:30)
    at Object.Module._extensions..js (internal/modules/cjs/loader.js:689:10)
    at Module.load (internal/modules/cjs/loader.js:589:32)
2018-06-17T04:11:13.678Z [Uber Application logs] error: uncaughtException: logger.info123 is not a function
TypeError: logger.info123 is not a function
    at Server.app.listen (/Users/RAGHAV/Desktop/UBER/Uber-replica/DispatcherService/app.js:17:13)
    at Object.onceWrapper (events.js:275:13)
    at Server.emit (events.js:182:13)
    at emitListeningNT (net.js:1364:10)
    at process._tickCallback (internal/process/next_tick.js:174:19)
    at Function.Module.runMain (internal/modules/cjs/loader.js:721:11)
    at startup (internal/bootstrap/node.js:228:19)
    at bootstrapNodeJSCore (internal/bootstrap/node.js:575:3)
2018-06-17T05:03:10.374Z [Uber Application logs] error: uncaughtException: logger.info123 is not a function
TypeError: logger.info123 is not a function
    at Server.app.listen (/Users/RAGHAV/Desktop/UBER/Uber-replica/DispatcherService/app.js:17:13)
    at Object.onceWrapper (events.js:275:13)
    at Server.emit (events.js:182:13)
    at emitListeningNT (net.js:1364:10)
    at process._tickCallback (internal/process/next_tick.js:174:19)
    at Function.Module.runMain (internal/modules/cjs/loader.js:721:11)
    at startup (internal/bootstrap/node.js:228:19)
    at bootstrapNodeJSCore (internal/bootstrap/node.js:575:3)
